<?xml version="1.0" encoding="UTF-8"?>
<testng-results ignored="0" total="4" passed="4" failed="0" skipped="0">
  <reporter-output>
    <line>
      <![CDATA[automation testing]]>
    </line>
    <line>
      <![CDATA[automation testing tools]]>
    </line>
    <line>
      <![CDATA[automation testing interview questions]]>
    </line>
    <line>
      <![CDATA[automation testing tools list]]>
    </line>
    <line>
      <![CDATA[automation testing jobs]]>
    </line>
    <line>
      <![CDATA[automation testing jobs in hyderabad]]>
    </line>
    <line>
      <![CDATA[automation testing tutorial]]>
    </line>
    <line>
      <![CDATA[automation testing jobs in bangalore]]>
    </line>
    <line>
      <![CDATA[automation testing means]]>
    </line>
    <line>
      <![CDATA[automation testing types]]>
    </line>
    <line>
      <![CDATA[]]>
    </line>
    <line>
      <![CDATA[Automation Testing - Google Search]]>
    </line>
    <line>
      <![CDATA[performance testing]]>
    </line>
    <line>
      <![CDATA[performance testing tools]]>
    </line>
    <line>
      <![CDATA[performance testing services]]>
    </line>
    <line>
      <![CDATA[performance testing interview questions]]>
    </line>
    <line>
      <![CDATA[performance testing automation framework]]>
    </line>
    <line>
      <![CDATA[performance testing jobs in hyderabad]]>
    </line>
    <line>
      <![CDATA[performance testing jobs in bangalore]]>
    </line>
    <line>
      <![CDATA[performance testing life cycle]]>
    </line>
    <line>
      <![CDATA[performance testing types]]>
    </line>
    <line>
      <![CDATA[performance testing in software testing]]>
    </line>
    <line>
      <![CDATA[]]>
    </line>
    <line>
      <![CDATA[Performance Testing - Google Search]]>
    </line>
    <line>
      <![CDATA[software testing]]>
    </line>
    <line>
      <![CDATA[software testing methodologies]]>
    </line>
    <line>
      <![CDATA[software testing tools]]>
    </line>
    <line>
      <![CDATA[software testing services]]>
    </line>
    <line>
      <![CDATA[software testing life cycle]]>
    </line>
    <line>
      <![CDATA[software testing company]]>
    </line>
    <line>
      <![CDATA[software testing interview questions]]>
    </line>
    <line>
      <![CDATA[software testing techniques]]>
    </line>
    <line>
      <![CDATA[software testing tools pdf]]>
    </line>
    <line>
      <![CDATA[software testing types]]>
    </line>
    <line>
      <![CDATA[]]>
    </line>
    <line>
      <![CDATA[Software Testing - Google Search]]>
    </line>
    <line>
      <![CDATA[api testing]]>
    </line>
    <line>
      <![CDATA[api testing tools]]>
    </line>
    <line>
      <![CDATA[api testing software]]>
    </line>
    <line>
      <![CDATA[api testing interview questions]]>
    </line>
    <line>
      <![CDATA[api testing postman]]>
    </line>
    <line>
      <![CDATA[api testing software testing help]]>
    </line>
    <line>
      <![CDATA[api testing using postman]]>
    </line>
    <line>
      <![CDATA[api testing using selenium]]>
    </line>
    <line>
      <![CDATA[api testing means]]>
    </line>
    <line>
      <![CDATA[api testing jobs]]>
    </line>
    <line>
      <![CDATA[]]>
    </line>
    <line>
      <![CDATA[API Testing - Google Search]]>
    </line>
  </reporter-output>
  <suite started-at="2021-03-12T13:42:25 IST" name="Test Automation Demo" finished-at="2021-03-12T13:43:10 IST" duration-ms="44706">
    <groups>
    </groups>
    <test started-at="2021-03-12T13:42:25 IST" name="Functional Testing" finished-at="2021-03-12T13:43:10 IST" duration-ms="44706">
      <class name="TestScripts.TC_GoogleSearch_01">
        <test-method is-config="true" signature="setUp(java.lang.String, java.lang.String)[pri:0, instance:TestScripts.TC_GoogleSearch_01@20ccf40b]" started-at="2021-03-12T13:42:25 IST" name="setUp" finished-at="2021-03-12T13:42:42 IST" duration-ms="16744" status="PASS">
          <params>
            <param index="0">
              <value>
                <![CDATA[edge]]>
              </value>
            </param>
            <param index="1">
              <value>
                <![CDATA[https://www.google.com/]]>
              </value>
            </param>
          </params>
          <reporter-output>
          </reporter-output>
        </test-method> <!-- setUp -->
        <test-method signature="searchItem(java.lang.String)[pri:0, instance:TestScripts.TC_GoogleSearch_01@20ccf40b]" started-at="2021-03-12T13:42:45 IST" name="searchItem" data-provider="getData" finished-at="2021-03-12T13:42:52 IST" duration-ms="7008" status="PASS">
          <params>
            <param index="0">
              <value>
                <![CDATA[Automation Testing]]>
              </value>
            </param>
          </params>
          <reporter-output>
            <line>
              <![CDATA[automation testing]]>
            </line>
            <line>
              <![CDATA[automation testing tools]]>
            </line>
            <line>
              <![CDATA[automation testing interview questions]]>
            </line>
            <line>
              <![CDATA[automation testing tools list]]>
            </line>
            <line>
              <![CDATA[automation testing jobs]]>
            </line>
            <line>
              <![CDATA[automation testing jobs in hyderabad]]>
            </line>
            <line>
              <![CDATA[automation testing tutorial]]>
            </line>
            <line>
              <![CDATA[automation testing jobs in bangalore]]>
            </line>
            <line>
              <![CDATA[automation testing means]]>
            </line>
            <line>
              <![CDATA[automation testing types]]>
            </line>
            <line>
              <![CDATA[]]>
            </line>
            <line>
              <![CDATA[Automation Testing - Google Search]]>
            </line>
          </reporter-output>
        </test-method> <!-- searchItem -->
        <test-method signature="searchItem(java.lang.String)[pri:0, instance:TestScripts.TC_GoogleSearch_01@20ccf40b]" started-at="2021-03-12T13:42:52 IST" name="searchItem" data-provider="getData" finished-at="2021-03-12T13:42:59 IST" duration-ms="6828" status="PASS">
          <params>
            <param index="0">
              <value>
                <![CDATA[Performance Testing]]>
              </value>
            </param>
          </params>
          <reporter-output>
            <line>
              <![CDATA[performance testing]]>
            </line>
            <line>
              <![CDATA[performance testing tools]]>
            </line>
            <line>
              <![CDATA[performance testing services]]>
            </line>
            <line>
              <![CDATA[performance testing interview questions]]>
            </line>
            <line>
              <![CDATA[performance testing automation framework]]>
            </line>
            <line>
              <![CDATA[performance testing jobs in hyderabad]]>
            </line>
            <line>
              <![CDATA[performance testing jobs in bangalore]]>
            </line>
            <line>
              <![CDATA[performance testing life cycle]]>
            </line>
            <line>
              <![CDATA[performance testing types]]>
            </line>
            <line>
              <![CDATA[performance testing in software testing]]>
            </line>
            <line>
              <![CDATA[]]>
            </line>
            <line>
              <![CDATA[Performance Testing - Google Search]]>
            </line>
          </reporter-output>
        </test-method> <!-- searchItem -->
        <test-method signature="searchItem(java.lang.String)[pri:0, instance:TestScripts.TC_GoogleSearch_01@20ccf40b]" started-at="2021-03-12T13:42:59 IST" name="searchItem" data-provider="getData" finished-at="2021-03-12T13:43:04 IST" duration-ms="5618" status="PASS">
          <params>
            <param index="0">
              <value>
                <![CDATA[Software Testing]]>
              </value>
            </param>
          </params>
          <reporter-output>
            <line>
              <![CDATA[software testing]]>
            </line>
            <line>
              <![CDATA[software testing methodologies]]>
            </line>
            <line>
              <![CDATA[software testing tools]]>
            </line>
            <line>
              <![CDATA[software testing services]]>
            </line>
            <line>
              <![CDATA[software testing life cycle]]>
            </line>
            <line>
              <![CDATA[software testing company]]>
            </line>
            <line>
              <![CDATA[software testing interview questions]]>
            </line>
            <line>
              <![CDATA[software testing techniques]]>
            </line>
            <line>
              <![CDATA[software testing tools pdf]]>
            </line>
            <line>
              <![CDATA[software testing types]]>
            </line>
            <line>
              <![CDATA[]]>
            </line>
            <line>
              <![CDATA[Software Testing - Google Search]]>
            </line>
          </reporter-output>
        </test-method> <!-- searchItem -->
        <test-method signature="searchItem(java.lang.String)[pri:0, instance:TestScripts.TC_GoogleSearch_01@20ccf40b]" started-at="2021-03-12T13:43:04 IST" name="searchItem" data-provider="getData" finished-at="2021-03-12T13:43:09 IST" duration-ms="4582" status="PASS">
          <params>
            <param index="0">
              <value>
                <![CDATA[API Testing]]>
              </value>
            </param>
          </params>
          <reporter-output>
            <line>
              <![CDATA[api testing]]>
            </line>
            <line>
              <![CDATA[api testing tools]]>
            </line>
            <line>
              <![CDATA[api testing software]]>
            </line>
            <line>
              <![CDATA[api testing interview questions]]>
            </line>
            <line>
              <![CDATA[api testing postman]]>
            </line>
            <line>
              <![CDATA[api testing software testing help]]>
            </line>
            <line>
              <![CDATA[api testing using postman]]>
            </line>
            <line>
              <![CDATA[api testing using selenium]]>
            </line>
            <line>
              <![CDATA[api testing means]]>
            </line>
            <line>
              <![CDATA[api testing jobs]]>
            </line>
            <line>
              <![CDATA[]]>
            </line>
            <line>
              <![CDATA[API Testing - Google Search]]>
            </line>
          </reporter-output>
        </test-method> <!-- searchItem -->
        <test-method is-config="true" signature="tearDown()[pri:0, instance:TestScripts.TC_GoogleSearch_01@20ccf40b]" started-at="2021-03-12T13:43:09 IST" name="tearDown" finished-at="2021-03-12T13:43:10 IST" duration-ms="669" status="PASS">
          <reporter-output>
          </reporter-output>
        </test-method> <!-- tearDown -->
      </class> <!-- TestScripts.TC_GoogleSearch_01 -->
    </test> <!-- Functional Testing -->
  </suite> <!-- Test Automation Demo -->
</testng-results>
