<?xml version="1.0" encoding="UTF-8"?>
<testng-results ignored="0" total="1" passed="1" failed="0" skipped="0">
  <reporter-output>
  </reporter-output>
  <suite started-at="2021-03-12T15:23:33 IST" name="Test Automation Demo" finished-at="2021-03-12T15:24:40 IST" duration-ms="67153">
    <groups>
    </groups>
    <test started-at="2021-03-12T15:23:33 IST" name="Functional Testing" finished-at="2021-03-12T15:24:40 IST" duration-ms="67153">
      <class name="TestScripts.SampleScreenshot">
        <test-method is-config="true" signature="setUp(java.lang.String, java.lang.String)[pri:0, instance:TestScripts.SampleScreenshot@383bfa16]" started-at="2021-03-12T15:23:33 IST" name="setUp" finished-at="2021-03-12T15:24:15 IST" duration-ms="41686" status="PASS">
          <params>
            <param index="0">
              <value>
                <![CDATA[edge]]>
              </value>
            </param>
            <param index="1">
              <value>
                <![CDATA[https://www.amazon.in/]]>
              </value>
            </param>
          </params>
          <reporter-output>
          </reporter-output>
        </test-method> <!-- setUp -->
        <test-method signature="Fullpagescreenshot()[pri:0, instance:TestScripts.SampleScreenshot@383bfa16]" started-at="2021-03-12T15:24:17 IST" name="Fullpagescreenshot" finished-at="2021-03-12T15:24:36 IST" duration-ms="18731" status="PASS">
          <reporter-output>
          </reporter-output>
        </test-method> <!-- Fullpagescreenshot -->
        <test-method is-config="true" signature="tearDown()[pri:0, instance:TestScripts.SampleScreenshot@383bfa16]" started-at="2021-03-12T15:24:36 IST" name="tearDown" finished-at="2021-03-12T15:24:40 IST" duration-ms="4277" status="PASS">
          <reporter-output>
          </reporter-output>
        </test-method> <!-- tearDown -->
      </class> <!-- TestScripts.SampleScreenshot -->
    </test> <!-- Functional Testing -->
  </suite> <!-- Test Automation Demo -->
</testng-results>
