<?xml version="1.0" encoding="UTF-8"?>
<!-- Generated by org.testng.reporters.JUnitXMLReporter -->
<testsuite ignored="0" hostname="DESKTOP-0N88LAP" failures="0" tests="4" name="Functional Testing" time="44.706" errors="0" timestamp="2021-03-12T13:43:10 IST">
  <testcase classname="TestScripts.TC_GoogleSearch_01" name="searchItem" time="7.008"/>
  <testcase classname="TestScripts.TC_GoogleSearch_01" name="searchItem" time="6.828"/>
  <testcase classname="TestScripts.TC_GoogleSearch_01" name="searchItem" time="5.618"/>
  <testcase classname="TestScripts.TC_GoogleSearch_01" name="searchItem" time="4.582"/>
</testsuite> <!-- Functional Testing -->
